The system is: Darwin - 22.6.0 - x86_64
Compiling the CXX compiler identification source file "CMakeCXXCompilerId.cpp" succeeded.
Compiler: /usr/local/bin/g++ 
Build flags: 
Id flags:  

The output was:
0


Compilation of the CXX compiler identification source "CMakeCXXCompilerId.cpp" produced "a.out"

The CXX compiler identification is GNU, found in "/Users/granceti/Projects/cpp/3DViewer_CPP/build-3dviewer-Desktop-Debug/CMakeFiles/3.23.0/CompilerIdCXX/a.out"

Detecting CXX compiler ABI info compiled with the following output:
Change Dir: /Users/granceti/Projects/cpp/3DViewer_CPP/build-3dviewer-Desktop-Debug/CMakeFiles/CMakeTmp

Run Build Command(s):/usr/bin/make -f Makefile cmTC_227ee/fast && /Applications/Xcode.app/Contents/Developer/usr/bin/make  -f CMakeFiles/cmTC_227ee.dir/build.make CMakeFiles/cmTC_227ee.dir/build
Building CXX object CMakeFiles/cmTC_227ee.dir/CMakeCXXCompilerABI.cpp.o
/usr/local/bin/g++   -isysroot /Applications/Xcode.app/Contents/Developer/Platforms/MacOSX.platform/Developer/SDKs/MacOSX13.3.sdk   -v -Wl,-v -o CMakeFiles/cmTC_227ee.dir/CMakeCXXCompilerABI.cpp.o -c /usr/local/share/cmake/Modules/CMakeCXXCompilerABI.cpp
Using built-in specs.
COLLECT_GCC=/usr/local/bin/g++
Target: x86_64-apple-darwin22
Configured with: ../configure --prefix=/usr/local/opt/gcc --libdir=/usr/local/opt/gcc/lib/gcc/current --disable-nls --enable-checking=release --with-gcc-major-version-only --enable-languages=c,c++,objc,obj-c++,fortran --program-suffix=-13 --with-gmp=/usr/local/opt/gmp --with-mpfr=/usr/local/opt/mpfr --with-mpc=/usr/local/opt/libmpc --with-isl=/usr/local/opt/isl --with-zstd=/usr/local/opt/zstd --with-pkgversion='Homebrew GCC 13.2.0' --with-bugurl=https://github.com/Homebrew/homebrew-core/issues --with-system-zlib --build=x86_64-apple-darwin22 --with-sysroot=/Library/Developer/CommandLineTools/SDKs/MacOSX13.sdk
Thread model: posix
Supported LTO compression algorithms: zlib zstd
gcc version 13.2.0 (Homebrew GCC 13.2.0) 
COLLECT_GCC_OPTIONS='-isysroot' '/Applications/Xcode.app/Contents/Developer/Platforms/MacOSX.platform/Developer/SDKs/MacOSX13.3.sdk' '-v' '-o' 'CMakeFiles/cmTC_227ee.dir/CMakeCXXCompilerABI.cpp.o' '-c' '-mmacosx-version-min=13.0.0' '-asm_macosx_version_min=13.0' '-nodefaultexport' '-shared-libgcc' '-mtune=core2' '-dumpdir' 'CMakeFiles/cmTC_227ee.dir/'
 /usr/local/bin/../libexec/gcc/x86_64-apple-darwin22/13/cc1plus -quiet -v -iprefix /usr/local/bin/../lib/gcc/current/gcc/x86_64-apple-darwin22/13/ -D__DYNAMIC__ -isysroot /Applications/Xcode.app/Contents/Developer/Platforms/MacOSX.platform/Developer/SDKs/MacOSX13.3.sdk /usr/local/share/cmake/Modules/CMakeCXXCompilerABI.cpp -fPIC -quiet -dumpdir CMakeFiles/cmTC_227ee.dir/ -dumpbase CMakeCXXCompilerABI.cpp.cpp -dumpbase-ext .cpp -mmacosx-version-min=13.0.0 -mtune=core2 -version -o /var/folders/zz/zyxvpxvq6csfxvn_n007m7s801x1y_/T//ccgC2J6q.s
GNU C++17 (Homebrew GCC 13.2.0) version 13.2.0 (x86_64-apple-darwin22)
	compiled by GNU C version 13.2.0, GMP version 6.3.0, MPFR version 4.2.1, MPC version 1.3.1, isl version isl-0.26-GMP

GGC heuristics: --param ggc-min-expand=100 --param ggc-min-heapsize=131072
ignoring nonexistent directory "/usr/local/bin/../lib/gcc/current/gcc/x86_64-apple-darwin22/13/../../../../../../x86_64-apple-darwin22/include"
ignoring duplicate directory "/usr/local/bin/../lib/gcc/current/gcc/../../../../lib/gcc/current/gcc/x86_64-apple-darwin22/13/../../../../../../include/c++/13"
ignoring duplicate directory "/usr/local/bin/../lib/gcc/current/gcc/../../../../lib/gcc/current/gcc/x86_64-apple-darwin22/13/../../../../../../include/c++/13/x86_64-apple-darwin22"
ignoring duplicate directory "/usr/local/bin/../lib/gcc/current/gcc/../../../../lib/gcc/current/gcc/x86_64-apple-darwin22/13/../../../../../../include/c++/13/backward"
ignoring duplicate directory "/usr/local/bin/../lib/gcc/current/gcc/../../../../lib/gcc/current/gcc/x86_64-apple-darwin22/13/include"
ignoring nonexistent directory "/Applications/Xcode.app/Contents/Developer/Platforms/MacOSX.platform/Developer/SDKs/MacOSX13.3.sdk/usr/local/include"
ignoring duplicate directory "/usr/local/bin/../lib/gcc/current/gcc/../../../../lib/gcc/current/gcc/x86_64-apple-darwin22/13/include-fixed"
ignoring nonexistent directory "/usr/local/bin/../lib/gcc/current/gcc/../../../../lib/gcc/current/gcc/x86_64-apple-darwin22/13/../../../../../../x86_64-apple-darwin22/include"
ignoring nonexistent directory "/Applications/Xcode.app/Contents/Developer/Platforms/MacOSX.platform/Developer/SDKs/MacOSX13.3.sdk/Library/Frameworks"
#include "..." search starts here:
#include <...> search starts here:
 /usr/local/include/
 /usr/local/bin/../lib/gcc/current/gcc/x86_64-apple-darwin22/13/../../../../../../include/c++/13
 /usr/local/bin/../lib/gcc/current/gcc/x86_64-apple-darwin22/13/../../../../../../include/c++/13/x86_64-apple-darwin22
 /usr/local/bin/../lib/gcc/current/gcc/x86_64-apple-darwin22/13/../../../../../../include/c++/13/backward
 /usr/local/bin/../lib/gcc/current/gcc/x86_64-apple-darwin22/13/include
 /usr/local/bin/../lib/gcc/current/gcc/x86_64-apple-darwin22/13/include-fixed
 /Applications/Xcode.app/Contents/Developer/Platforms/MacOSX.platform/Developer/SDKs/MacOSX13.3.sdk/usr/include
 /Applications/Xcode.app/Contents/Developer/Platforms/MacOSX.platform/Developer/SDKs/MacOSX13.3.sdk/System/Library/Frameworks
End of search list.
Compiler executable checksum: 80f82953f87a0c486a2a804df7ccf5a3
COLLECT_GCC_OPTIONS='-isysroot' '/Applications/Xcode.app/Contents/Developer/Platforms/MacOSX.platform/Developer/SDKs/MacOSX13.3.sdk' '-v' '-o' 'CMakeFiles/cmTC_227ee.dir/CMakeCXXCompilerABI.cpp.o' '-c' '-mmacosx-version-min=13.0.0'  '-nodefaultexport' '-shared-libgcc' '-mtune=core2' '-dumpdir' 'CMakeFiles/cmTC_227ee.dir/'
 as -arch x86_64 -v -mmacosx-version-min=13.0 -mllvm -x86-pad-for-align=false -force_cpusubtype_ALL -o CMakeFiles/cmTC_227ee.dir/CMakeCXXCompilerABI.cpp.o /var/folders/zz/zyxvpxvq6csfxvn_n007m7s801x1y_/T//ccgC2J6q.s
Apple clang version 14.0.3 (clang-1403.0.22.14.1)
Target: x86_64-apple-darwin22.6.0
Thread model: posix
InstalledDir: /Applications/Xcode.app/Contents/Developer/Toolchains/XcodeDefault.xctoolchain/usr/bin
 "/Applications/Xcode.app/Contents/Developer/Toolchains/XcodeDefault.xctoolchain/usr/bin/clang" -cc1as -triple x86_64-apple-macosx13.0.0 -filetype obj -main-file-name ccgC2J6q.s -target-cpu penryn -fdebug-compilation-dir=/Users/granceti/Projects/cpp/3DViewer_CPP/build-3dviewer-Desktop-Debug/CMakeFiles/CMakeTmp -dwarf-debug-producer "Apple clang version 14.0.3 (clang-1403.0.22.14.1)" -dwarf-version=4 -mrelocation-model pic --mrelax-relocations -mllvm -x86-pad-for-align=false -mllvm -disable-aligned-alloc-awareness=1 -o CMakeFiles/cmTC_227ee.dir/CMakeCXXCompilerABI.cpp.o /var/folders/zz/zyxvpxvq6csfxvn_n007m7s801x1y_/T//ccgC2J6q.s
COMPILER_PATH=/usr/local/bin/../libexec/gcc/x86_64-apple-darwin22/13/:/usr/local/bin/../libexec/gcc/
LIBRARY_PATH=/usr/local/bin/../lib/gcc/current/gcc/x86_64-apple-darwin22/13/:/usr/local/bin/../lib/gcc/current/gcc/:./:/usr/local/lib/:/usr/local/bin/../lib/gcc/current/gcc/x86_64-apple-darwin22/13/../../../
COLLECT_GCC_OPTIONS='-isysroot' '/Applications/Xcode.app/Contents/Developer/Platforms/MacOSX.platform/Developer/SDKs/MacOSX13.3.sdk' '-v' '-o' 'CMakeFiles/cmTC_227ee.dir/CMakeCXXCompilerABI.cpp.o' '-c' '-mmacosx-version-min=13.0.0'  '-nodefaultexport' '-shared-libgcc' '-mtune=core2' '-dumpdir' 'CMakeFiles/cmTC_227ee.dir/CMakeCXXCompilerABI.cpp.'
Linking CXX executable cmTC_227ee
/usr/local/bin/cmake -E cmake_link_script CMakeFiles/cmTC_227ee.dir/link.txt --verbose=1
/usr/local/bin/g++  -isysroot /Applications/Xcode.app/Contents/Developer/Platforms/MacOSX.platform/Developer/SDKs/MacOSX13.3.sdk -Wl,-search_paths_first -Wl,-headerpad_max_install_names  -v -Wl,-v CMakeFiles/cmTC_227ee.dir/CMakeCXXCompilerABI.cpp.o -o cmTC_227ee 
Using built-in specs.
COLLECT_GCC=/usr/local/bin/g++
COLLECT_LTO_WRAPPER=/usr/local/bin/../libexec/gcc/x86_64-apple-darwin22/13/lto-wrapper
Target: x86_64-apple-darwin22
Configured with: ../configure --prefix=/usr/local/opt/gcc --libdir=/usr/local/opt/gcc/lib/gcc/current --disable-nls --enable-checking=release --with-gcc-major-version-only --enable-languages=c,c++,objc,obj-c++,fortran --program-suffix=-13 --with-gmp=/usr/local/opt/gmp --with-mpfr=/usr/local/opt/mpfr --with-mpc=/usr/local/opt/libmpc --with-isl=/usr/local/opt/isl --with-zstd=/usr/local/opt/zstd --with-pkgversion='Homebrew GCC 13.2.0' --with-bugurl=https://github.com/Homebrew/homebrew-core/issues --with-system-zlib --build=x86_64-apple-darwin22 --with-sysroot=/Library/Developer/CommandLineTools/SDKs/MacOSX13.sdk
Thread model: posix
Supported LTO compression algorithms: zlib zstd
gcc version 13.2.0 (Homebrew GCC 13.2.0) 
COMPILER_PATH=/usr/local/bin/../libexec/gcc/x86_64-apple-darwin22/13/:/usr/local/bin/../libexec/gcc/
LIBRARY_PATH=/usr/local/bin/../lib/gcc/current/gcc/x86_64-apple-darwin22/13/:/usr/local/bin/../lib/gcc/current/gcc/:./:/usr/local/lib/:/usr/local/bin/../lib/gcc/current/gcc/x86_64-apple-darwin22/13/../../../
COLLECT_GCC_OPTIONS='-isysroot' '/Applications/Xcode.app/Contents/Developer/Platforms/MacOSX.platform/Developer/SDKs/MacOSX13.3.sdk' '-v' '-o' 'cmTC_227ee' '-mmacosx-version-min=13.0.0' '-asm_macosx_version_min=13.0' '-nodefaultexport' '-shared-libgcc' '-mtune=core2' '-dumpdir' 'cmTC_227ee.'
 /usr/local/bin/../libexec/gcc/x86_64-apple-darwin22/13/collect2 -dynamic -arch x86_64 -syslibroot /Applications/Xcode.app/Contents/Developer/Platforms/MacOSX.platform/Developer/SDKs/MacOSX13.3.sdk -platform_version macos 13.0.0 0.0 -o cmTC_227ee -L/usr/local/bin/../lib/gcc/current/gcc/x86_64-apple-darwin22/13 -L/usr/local/bin/../lib/gcc/current/gcc -L. -L/usr/local/lib -L/usr/local/bin/../lib/gcc/current/gcc/x86_64-apple-darwin22/13/../../.. -search_paths_first -headerpad_max_install_names -v CMakeFiles/cmTC_227ee.dir/CMakeCXXCompilerABI.cpp.o -lstdc++ -lgcc_s.1.1 -lgcc -lSystem -no_compact_unwind -rpath @loader_path -rpath /usr/local/lib/gcc/current/gcc/x86_64-apple-darwin22/13 -rpath /usr/local/lib/gcc/current/gcc -rpath /Users/granceti/Projects/cpp/3DViewer_CPP/build-3dviewer-Desktop-Debug/CMakeFiles/CMakeTmp -rpath /usr/local/lib -rpath /usr/local/lib/gcc/current
collect2 version 13.2.0
/usr/bin/ld -dynamic -arch x86_64 -syslibroot /Applications/Xcode.app/Contents/Developer/Platforms/MacOSX.platform/Developer/SDKs/MacOSX13.3.sdk -platform_version macos 13.0.0 0.0 -o cmTC_227ee -L/usr/local/bin/../lib/gcc/current/gcc/x86_64-apple-darwin22/13 -L/usr/local/bin/../lib/gcc/current/gcc -L. -L/usr/local/lib -L/usr/local/bin/../lib/gcc/current/gcc/x86_64-apple-darwin22/13/../../.. -search_paths_first -headerpad_max_install_names -v CMakeFiles/cmTC_227ee.dir/CMakeCXXCompilerABI.cpp.o -lstdc++ -lgcc_s.1.1 -lgcc -lSystem -no_compact_unwind -rpath @loader_path -rpath /usr/local/lib/gcc/current/gcc/x86_64-apple-darwin22/13 -rpath /usr/local/lib/gcc/current/gcc -rpath /Users/granceti/Projects/cpp/3DViewer_CPP/build-3dviewer-Desktop-Debug/CMakeFiles/CMakeTmp -rpath /usr/local/lib -rpath /usr/local/lib/gcc/current
@(#)PROGRAM:ld  PROJECT:ld64-857.1
BUILD 23:13:24 May  7 2023
configured to support archs: armv6 armv7 armv7s arm64 arm64e arm64_32 i386 x86_64 x86_64h armv6m armv7k armv7m armv7em
Library search paths:
	/usr/local/lib/gcc/current/gcc/x86_64-apple-darwin22/13
	/usr/local/lib/gcc/current/gcc
	.
	/usr/local/lib
	/usr/local/lib/gcc/current
	/Applications/Xcode.app/Contents/Developer/Platforms/MacOSX.platform/Developer/SDKs/MacOSX13.3.sdk/usr/lib
Framework search paths:
	/Applications/Xcode.app/Contents/Developer/Platforms/MacOSX.platform/Developer/SDKs/MacOSX13.3.sdk/System/Library/Frameworks/



Parsed CXX implicit include dir info from above output: rv=done
  found start of include info
  found start of implicit include info
    add: [/usr/local/include/]
    add: [/usr/local/bin/../lib/gcc/current/gcc/x86_64-apple-darwin22/13/../../../../../../include/c++/13]
    add: [/usr/local/bin/../lib/gcc/current/gcc/x86_64-apple-darwin22/13/../../../../../../include/c++/13/x86_64-apple-darwin22]
    add: [/usr/local/bin/../lib/gcc/current/gcc/x86_64-apple-darwin22/13/../../../../../../include/c++/13/backward]
    add: [/usr/local/bin/../lib/gcc/current/gcc/x86_64-apple-darwin22/13/include]
    add: [/usr/local/bin/../lib/gcc/current/gcc/x86_64-apple-darwin22/13/include-fixed]
    add: [/Applications/Xcode.app/Contents/Developer/Platforms/MacOSX.platform/Developer/SDKs/MacOSX13.3.sdk/usr/include]
    add: [/Applications/Xcode.app/Contents/Developer/Platforms/MacOSX.platform/Developer/SDKs/MacOSX13.3.sdk/System/Library/Frameworks]
  end of search list found
  collapse include dir [/usr/local/include/] ==> [/usr/local/include]
  collapse include dir [/usr/local/bin/../lib/gcc/current/gcc/x86_64-apple-darwin22/13/../../../../../../include/c++/13] ==> [/usr/local/include/c++/13]
  collapse include dir [/usr/local/bin/../lib/gcc/current/gcc/x86_64-apple-darwin22/13/../../../../../../include/c++/13/x86_64-apple-darwin22] ==> [/usr/local/include/c++/13/x86_64-apple-darwin22]
  collapse include dir [/usr/local/bin/../lib/gcc/current/gcc/x86_64-apple-darwin22/13/../../../../../../include/c++/13/backward] ==> [/usr/local/include/c++/13/backward]
  collapse include dir [/usr/local/bin/../lib/gcc/current/gcc/x86_64-apple-darwin22/13/include] ==> [/usr/local/lib/gcc/current/gcc/x86_64-apple-darwin22/13/include]
  collapse include dir [/usr/local/bin/../lib/gcc/current/gcc/x86_64-apple-darwin22/13/include-fixed] ==> [/usr/local/lib/gcc/current/gcc/x86_64-apple-darwin22/13/include-fixed]
  collapse include dir [/Applications/Xcode.app/Contents/Developer/Platforms/MacOSX.platform/Developer/SDKs/MacOSX13.3.sdk/usr/include] ==> [/Applications/Xcode.app/Contents/Developer/Platforms/MacOSX.platform/Developer/SDKs/MacOSX13.3.sdk/usr/include]
  collapse include dir [/Applications/Xcode.app/Contents/Developer/Platforms/MacOSX.platform/Developer/SDKs/MacOSX13.3.sdk/System/Library/Frameworks] ==> [/Applications/Xcode.app/Contents/Developer/Platforms/MacOSX.platform/Developer/SDKs/MacOSX13.3.sdk/System/Library/Frameworks]
  implicit include dirs: [/usr/local/include;/usr/local/include/c++/13;/usr/local/include/c++/13/x86_64-apple-darwin22;/usr/local/include/c++/13/backward;/usr/local/lib/gcc/current/gcc/x86_64-apple-darwin22/13/include;/usr/local/lib/gcc/current/gcc/x86_64-apple-darwin22/13/include-fixed;/Applications/Xcode.app/Contents/Developer/Platforms/MacOSX.platform/Developer/SDKs/MacOSX13.3.sdk/usr/include;/Applications/Xcode.app/Contents/Developer/Platforms/MacOSX.platform/Developer/SDKs/MacOSX13.3.sdk/System/Library/Frameworks]


Parsed CXX implicit link information from above output:
  link line regex: [^( *|.*[/\])(ld|CMAKE_LINK_STARTFILE-NOTFOUND|([^/\]+-)?ld|collect2)[^/\]*( |$)]
  ignore line: [Change Dir: /Users/granceti/Projects/cpp/3DViewer_CPP/build-3dviewer-Desktop-Debug/CMakeFiles/CMakeTmp]
  ignore line: []
  ignore line: [Run Build Command(s):/usr/bin/make -f Makefile cmTC_227ee/fast && /Applications/Xcode.app/Contents/Developer/usr/bin/make  -f CMakeFiles/cmTC_227ee.dir/build.make CMakeFiles/cmTC_227ee.dir/build]
  ignore line: [Building CXX object CMakeFiles/cmTC_227ee.dir/CMakeCXXCompilerABI.cpp.o]
  ignore line: [/usr/local/bin/g++   -isysroot /Applications/Xcode.app/Contents/Developer/Platforms/MacOSX.platform/Developer/SDKs/MacOSX13.3.sdk   -v -Wl -v -o CMakeFiles/cmTC_227ee.dir/CMakeCXXCompilerABI.cpp.o -c /usr/local/share/cmake/Modules/CMakeCXXCompilerABI.cpp]
  ignore line: [Using built-in specs.]
  ignore line: [COLLECT_GCC=/usr/local/bin/g++]
  ignore line: [Target: x86_64-apple-darwin22]
  ignore line: [Configured with: ../configure --prefix=/usr/local/opt/gcc --libdir=/usr/local/opt/gcc/lib/gcc/current --disable-nls --enable-checking=release --with-gcc-major-version-only --enable-languages=c c++ objc obj-c++ fortran --program-suffix=-13 --with-gmp=/usr/local/opt/gmp --with-mpfr=/usr/local/opt/mpfr --with-mpc=/usr/local/opt/libmpc --with-isl=/usr/local/opt/isl --with-zstd=/usr/local/opt/zstd --with-pkgversion='Homebrew GCC 13.2.0' --with-bugurl=https://github.com/Homebrew/homebrew-core/issues --with-system-zlib --build=x86_64-apple-darwin22 --with-sysroot=/Library/Developer/CommandLineTools/SDKs/MacOSX13.sdk]
  ignore line: [Thread model: posix]
  ignore line: [Supported LTO compression algorithms: zlib zstd]
  ignore line: [gcc version 13.2.0 (Homebrew GCC 13.2.0) ]
  ignore line: [COLLECT_GCC_OPTIONS='-isysroot' '/Applications/Xcode.app/Contents/Developer/Platforms/MacOSX.platform/Developer/SDKs/MacOSX13.3.sdk' '-v' '-o' 'CMakeFiles/cmTC_227ee.dir/CMakeCXXCompilerABI.cpp.o' '-c' '-mmacosx-version-min=13.0.0' '-asm_macosx_version_min=13.0' '-nodefaultexport' '-shared-libgcc' '-mtune=core2' '-dumpdir' 'CMakeFiles/cmTC_227ee.dir/']
  ignore line: [ /usr/local/bin/../libexec/gcc/x86_64-apple-darwin22/13/cc1plus -quiet -v -iprefix /usr/local/bin/../lib/gcc/current/gcc/x86_64-apple-darwin22/13/ -D__DYNAMIC__ -isysroot /Applications/Xcode.app/Contents/Developer/Platforms/MacOSX.platform/Developer/SDKs/MacOSX13.3.sdk /usr/local/share/cmake/Modules/CMakeCXXCompilerABI.cpp -fPIC -quiet -dumpdir CMakeFiles/cmTC_227ee.dir/ -dumpbase CMakeCXXCompilerABI.cpp.cpp -dumpbase-ext .cpp -mmacosx-version-min=13.0.0 -mtune=core2 -version -o /var/folders/zz/zyxvpxvq6csfxvn_n007m7s801x1y_/T//ccgC2J6q.s]
  ignore line: [GNU C++17 (Homebrew GCC 13.2.0) version 13.2.0 (x86_64-apple-darwin22)]
  ignore line: [	compiled by GNU C version 13.2.0  GMP version 6.3.0  MPFR version 4.2.1  MPC version 1.3.1  isl version isl-0.26-GMP]
  ignore line: []
  ignore line: [GGC heuristics: --param ggc-min-expand=100 --param ggc-min-heapsize=131072]
  ignore line: [ignoring nonexistent directory "/usr/local/bin/../lib/gcc/current/gcc/x86_64-apple-darwin22/13/../../../../../../x86_64-apple-darwin22/include"]
  ignore line: [ignoring duplicate directory "/usr/local/bin/../lib/gcc/current/gcc/../../../../lib/gcc/current/gcc/x86_64-apple-darwin22/13/../../../../../../include/c++/13"]
  ignore line: [ignoring duplicate directory "/usr/local/bin/../lib/gcc/current/gcc/../../../../lib/gcc/current/gcc/x86_64-apple-darwin22/13/../../../../../../include/c++/13/x86_64-apple-darwin22"]
  ignore line: [ignoring duplicate directory "/usr/local/bin/../lib/gcc/current/gcc/../../../../lib/gcc/current/gcc/x86_64-apple-darwin22/13/../../../../../../include/c++/13/backward"]
  ignore line: [ignoring duplicate directory "/usr/local/bin/../lib/gcc/current/gcc/../../../../lib/gcc/current/gcc/x86_64-apple-darwin22/13/include"]
  ignore line: [ignoring nonexistent directory "/Applications/Xcode.app/Contents/Developer/Platforms/MacOSX.platform/Developer/SDKs/MacOSX13.3.sdk/usr/local/include"]
  ignore line: [ignoring duplicate directory "/usr/local/bin/../lib/gcc/current/gcc/../../../../lib/gcc/current/gcc/x86_64-apple-darwin22/13/include-fixed"]
  ignore line: [ignoring nonexistent directory "/usr/local/bin/../lib/gcc/current/gcc/../../../../lib/gcc/current/gcc/x86_64-apple-darwin22/13/../../../../../../x86_64-apple-darwin22/include"]
  ignore line: [ignoring nonexistent directory "/Applications/Xcode.app/Contents/Developer/Platforms/MacOSX.platform/Developer/SDKs/MacOSX13.3.sdk/Library/Frameworks"]
  ignore line: [#include "..." search starts here:]
  ignore line: [#include <...> search starts here:]
  ignore line: [ /usr/local/include/]
  ignore line: [ /usr/local/bin/../lib/gcc/current/gcc/x86_64-apple-darwin22/13/../../../../../../include/c++/13]
  ignore line: [ /usr/local/bin/../lib/gcc/current/gcc/x86_64-apple-darwin22/13/../../../../../../include/c++/13/x86_64-apple-darwin22]
  ignore line: [ /usr/local/bin/../lib/gcc/current/gcc/x86_64-apple-darwin22/13/../../../../../../include/c++/13/backward]
  ignore line: [ /usr/local/bin/../lib/gcc/current/gcc/x86_64-apple-darwin22/13/include]
  ignore line: [ /usr/local/bin/../lib/gcc/current/gcc/x86_64-apple-darwin22/13/include-fixed]
  ignore line: [ /Applications/Xcode.app/Contents/Developer/Platforms/MacOSX.platform/Developer/SDKs/MacOSX13.3.sdk/usr/include]
  ignore line: [ /Applications/Xcode.app/Contents/Developer/Platforms/MacOSX.platform/Developer/SDKs/MacOSX13.3.sdk/System/Library/Frameworks]
  ignore line: [End of search list.]
  ignore line: [Compiler executable checksum: 80f82953f87a0c486a2a804df7ccf5a3]
  ignore line: [COLLECT_GCC_OPTIONS='-isysroot' '/Applications/Xcode.app/Contents/Developer/Platforms/MacOSX.platform/Developer/SDKs/MacOSX13.3.sdk' '-v' '-o' 'CMakeFiles/cmTC_227ee.dir/CMakeCXXCompilerABI.cpp.o' '-c' '-mmacosx-version-min=13.0.0'  '-nodefaultexport' '-shared-libgcc' '-mtune=core2' '-dumpdir' 'CMakeFiles/cmTC_227ee.dir/']
  ignore line: [ as -arch x86_64 -v -mmacosx-version-min=13.0 -mllvm -x86-pad-for-align=false -force_cpusubtype_ALL -o CMakeFiles/cmTC_227ee.dir/CMakeCXXCompilerABI.cpp.o /var/folders/zz/zyxvpxvq6csfxvn_n007m7s801x1y_/T//ccgC2J6q.s]
  ignore line: [Apple clang version 14.0.3 (clang-1403.0.22.14.1)]
  ignore line: [Target: x86_64-apple-darwin22.6.0]
  ignore line: [Thread model: posix]
  ignore line: [InstalledDir: /Applications/Xcode.app/Contents/Developer/Toolchains/XcodeDefault.xctoolchain/usr/bin]
  ignore line: [ "/Applications/Xcode.app/Contents/Developer/Toolchains/XcodeDefault.xctoolchain/usr/bin/clang" -cc1as -triple x86_64-apple-macosx13.0.0 -filetype obj -main-file-name ccgC2J6q.s -target-cpu penryn -fdebug-compilation-dir=/Users/granceti/Projects/cpp/3DViewer_CPP/build-3dviewer-Desktop-Debug/CMakeFiles/CMakeTmp -dwarf-debug-producer "Apple clang version 14.0.3 (clang-1403.0.22.14.1)" -dwarf-version=4 -mrelocation-model pic --mrelax-relocations -mllvm -x86-pad-for-align=false -mllvm -disable-aligned-alloc-awareness=1 -o CMakeFiles/cmTC_227ee.dir/CMakeCXXCompilerABI.cpp.o /var/folders/zz/zyxvpxvq6csfxvn_n007m7s801x1y_/T//ccgC2J6q.s]
  ignore line: [COMPILER_PATH=/usr/local/bin/../libexec/gcc/x86_64-apple-darwin22/13/:/usr/local/bin/../libexec/gcc/]
  ignore line: [LIBRARY_PATH=/usr/local/bin/../lib/gcc/current/gcc/x86_64-apple-darwin22/13/:/usr/local/bin/../lib/gcc/current/gcc/:./:/usr/local/lib/:/usr/local/bin/../lib/gcc/current/gcc/x86_64-apple-darwin22/13/../../../]
  ignore line: [COLLECT_GCC_OPTIONS='-isysroot' '/Applications/Xcode.app/Contents/Developer/Platforms/MacOSX.platform/Developer/SDKs/MacOSX13.3.sdk' '-v' '-o' 'CMakeFiles/cmTC_227ee.dir/CMakeCXXCompilerABI.cpp.o' '-c' '-mmacosx-version-min=13.0.0'  '-nodefaultexport' '-shared-libgcc' '-mtune=core2' '-dumpdir' 'CMakeFiles/cmTC_227ee.dir/CMakeCXXCompilerABI.cpp.']
  ignore line: [Linking CXX executable cmTC_227ee]
  ignore line: [/usr/local/bin/cmake -E cmake_link_script CMakeFiles/cmTC_227ee.dir/link.txt --verbose=1]
  ignore line: [/usr/local/bin/g++  -isysroot /Applications/Xcode.app/Contents/Developer/Platforms/MacOSX.platform/Developer/SDKs/MacOSX13.3.sdk -Wl -search_paths_first -Wl -headerpad_max_install_names  -v -Wl -v CMakeFiles/cmTC_227ee.dir/CMakeCXXCompilerABI.cpp.o -o cmTC_227ee ]
  ignore line: [Using built-in specs.]
  ignore line: [COLLECT_GCC=/usr/local/bin/g++]
  ignore line: [COLLECT_LTO_WRAPPER=/usr/local/bin/../libexec/gcc/x86_64-apple-darwin22/13/lto-wrapper]
  ignore line: [Target: x86_64-apple-darwin22]
  ignore line: [Configured with: ../configure --prefix=/usr/local/opt/gcc --libdir=/usr/local/opt/gcc/lib/gcc/current --disable-nls --enable-checking=release --with-gcc-major-version-only --enable-languages=c c++ objc obj-c++ fortran --program-suffix=-13 --with-gmp=/usr/local/opt/gmp --with-mpfr=/usr/local/opt/mpfr --with-mpc=/usr/local/opt/libmpc --with-isl=/usr/local/opt/isl --with-zstd=/usr/local/opt/zstd --with-pkgversion='Homebrew GCC 13.2.0' --with-bugurl=https://github.com/Homebrew/homebrew-core/issues --with-system-zlib --build=x86_64-apple-darwin22 --with-sysroot=/Library/Developer/CommandLineTools/SDKs/MacOSX13.sdk]
  ignore line: [Thread model: posix]
  ignore line: [Supported LTO compression algorithms: zlib zstd]
  ignore line: [gcc version 13.2.0 (Homebrew GCC 13.2.0) ]
  ignore line: [COMPILER_PATH=/usr/local/bin/../libexec/gcc/x86_64-apple-darwin22/13/:/usr/local/bin/../libexec/gcc/]
  ignore line: [LIBRARY_PATH=/usr/local/bin/../lib/gcc/current/gcc/x86_64-apple-darwin22/13/:/usr/local/bin/../lib/gcc/current/gcc/:./:/usr/local/lib/:/usr/local/bin/../lib/gcc/current/gcc/x86_64-apple-darwin22/13/../../../]
  ignore line: [COLLECT_GCC_OPTIONS='-isysroot' '/Applications/Xcode.app/Contents/Developer/Platforms/MacOSX.platform/Developer/SDKs/MacOSX13.3.sdk' '-v' '-o' 'cmTC_227ee' '-mmacosx-version-min=13.0.0' '-asm_macosx_version_min=13.0' '-nodefaultexport' '-shared-libgcc' '-mtune=core2' '-dumpdir' 'cmTC_227ee.']
  link line: [ /usr/local/bin/../libexec/gcc/x86_64-apple-darwin22/13/collect2 -dynamic -arch x86_64 -syslibroot /Applications/Xcode.app/Contents/Developer/Platforms/MacOSX.platform/Developer/SDKs/MacOSX13.3.sdk -platform_version macos 13.0.0 0.0 -o cmTC_227ee -L/usr/local/bin/../lib/gcc/current/gcc/x86_64-apple-darwin22/13 -L/usr/local/bin/../lib/gcc/current/gcc -L. -L/usr/local/lib -L/usr/local/bin/../lib/gcc/current/gcc/x86_64-apple-darwin22/13/../../.. -search_paths_first -headerpad_max_install_names -v CMakeFiles/cmTC_227ee.dir/CMakeCXXCompilerABI.cpp.o -lstdc++ -lgcc_s.1.1 -lgcc -lSystem -no_compact_unwind -rpath @loader_path -rpath /usr/local/lib/gcc/current/gcc/x86_64-apple-darwin22/13 -rpath /usr/local/lib/gcc/current/gcc -rpath /Users/granceti/Projects/cpp/3DViewer_CPP/build-3dviewer-Desktop-Debug/CMakeFiles/CMakeTmp -rpath /usr/local/lib -rpath /usr/local/lib/gcc/current]
    arg [/usr/local/bin/../libexec/gcc/x86_64-apple-darwin22/13/collect2] ==> ignore
    arg [-dynamic] ==> ignore
    arg [-arch] ==> ignore
    arg [x86_64] ==> ignore
    arg [-syslibroot] ==> ignore
    arg [/Applications/Xcode.app/Contents/Developer/Platforms/MacOSX.platform/Developer/SDKs/MacOSX13.3.sdk] ==> ignore
    arg [-platform_version] ==> ignore
    arg [macos] ==> ignore
    arg [13.0.0] ==> ignore
    arg [0.0] ==> ignore
    arg [-o] ==> ignore
    arg [cmTC_227ee] ==> ignore
    arg [-L/usr/local/bin/../lib/gcc/current/gcc/x86_64-apple-darwin22/13] ==> dir [/usr/local/bin/../lib/gcc/current/gcc/x86_64-apple-darwin22/13]
    arg [-L/usr/local/bin/../lib/gcc/current/gcc] ==> dir [/usr/local/bin/../lib/gcc/current/gcc]
    arg [-L.] ==> ignore
    arg [-L/usr/local/lib] ==> dir [/usr/local/lib]
    arg [-L/usr/local/bin/../lib/gcc/current/gcc/x86_64-apple-darwin22/13/../../..] ==> dir [/usr/local/bin/../lib/gcc/current/gcc/x86_64-apple-darwin22/13/../../..]
    arg [-search_paths_first] ==> ignore
    arg [-headerpad_max_install_names] ==> ignore
    arg [-v] ==> ignore
    arg [CMakeFiles/cmTC_227ee.dir/CMakeCXXCompilerABI.cpp.o] ==> ignore
    arg [-lstdc++] ==> lib [stdc++]
    arg [-lgcc_s.1.1] ==> lib [gcc_s.1.1]
    arg [-lgcc] ==> lib [gcc]
    arg [-lSystem] ==> lib [System]
    arg [-no_compact_unwind] ==> ignore
    arg [-rpath] ==> ignore
    arg [@loader_path] ==> ignore
    arg [-rpath] ==> ignore
    arg [/usr/local/lib/gcc/current/gcc/x86_64-apple-darwin22/13] ==> ignore
    arg [-rpath] ==> ignore
    arg [/usr/local/lib/gcc/current/gcc] ==> ignore
    arg [-rpath] ==> ignore
    arg [/Users/granceti/Projects/cpp/3DViewer_CPP/build-3dviewer-Desktop-Debug/CMakeFiles/CMakeTmp] ==> ignore
    arg [-rpath] ==> ignore
    arg [/usr/local/lib] ==> ignore
    arg [-rpath] ==> ignore
    arg [/usr/local/lib/gcc/current] ==> ignore
  Library search paths: [;/usr/local/lib/gcc/current/gcc/x86_64-apple-darwin22/13;/usr/local/lib/gcc/current/gcc;.;/usr/local/lib;/usr/local/lib/gcc/current;/Applications/Xcode.app/Contents/Developer/Platforms/MacOSX.platform/Developer/SDKs/MacOSX13.3.sdk/usr/lib]
  Framework search paths: [;/Applications/Xcode.app/Contents/Developer/Platforms/MacOSX.platform/Developer/SDKs/MacOSX13.3.sdk/System/Library/Frameworks/]
  remove lib [System]
  collapse library dir [/usr/local/bin/../lib/gcc/current/gcc/x86_64-apple-darwin22/13] ==> [/usr/local/lib/gcc/current/gcc/x86_64-apple-darwin22/13]
  collapse library dir [/usr/local/bin/../lib/gcc/current/gcc] ==> [/usr/local/lib/gcc/current/gcc]
  collapse library dir [/usr/local/lib] ==> [/usr/local/lib]
  collapse library dir [/usr/local/bin/../lib/gcc/current/gcc/x86_64-apple-darwin22/13/../../..] ==> [/usr/local/lib/gcc/current]
  collapse library dir [/usr/local/lib/gcc/current/gcc/x86_64-apple-darwin22/13] ==> [/usr/local/lib/gcc/current/gcc/x86_64-apple-darwin22/13]
  collapse library dir [/usr/local/lib/gcc/current/gcc] ==> [/usr/local/lib/gcc/current/gcc]
  collapse library dir [.] ==> [/Users/granceti/Projects/cpp/3DViewer_CPP/3dviewer]
  collapse library dir [/usr/local/lib] ==> [/usr/local/lib]
  collapse library dir [/usr/local/lib/gcc/current] ==> [/usr/local/lib/gcc/current]
  collapse library dir [/Applications/Xcode.app/Contents/Developer/Platforms/MacOSX.platform/Developer/SDKs/MacOSX13.3.sdk/usr/lib] ==> [/Applications/Xcode.app/Contents/Developer/Platforms/MacOSX.platform/Developer/SDKs/MacOSX13.3.sdk/usr/lib]
  collapse framework dir [/Applications/Xcode.app/Contents/Developer/Platforms/MacOSX.platform/Developer/SDKs/MacOSX13.3.sdk/System/Library/Frameworks/] ==> [/Applications/Xcode.app/Contents/Developer/Platforms/MacOSX.platform/Developer/SDKs/MacOSX13.3.sdk/System/Library/Frameworks]
  implicit libs: [stdc++;gcc_s.1.1;gcc]
  implicit objs: []
  implicit dirs: [/usr/local/lib/gcc/current/gcc/x86_64-apple-darwin22/13;/usr/local/lib/gcc/current/gcc;/usr/local/lib;/usr/local/lib/gcc/current;/Users/granceti/Projects/cpp/3DViewer_CPP/3dviewer;/Applications/Xcode.app/Contents/Developer/Platforms/MacOSX.platform/Developer/SDKs/MacOSX13.3.sdk/usr/lib]
  implicit fwks: [/Applications/Xcode.app/Contents/Developer/Platforms/MacOSX.platform/Developer/SDKs/MacOSX13.3.sdk/System/Library/Frameworks]


Determining if the include file pthread.h exists passed with the following output:
Change Dir: /Users/granceti/Projects/cpp/3DViewer_CPP/build-3dviewer-Desktop-Debug/CMakeFiles/CMakeTmp

Run Build Command(s):/usr/bin/make -f Makefile cmTC_9e6f8/fast && /Applications/Xcode.app/Contents/Developer/usr/bin/make  -f CMakeFiles/cmTC_9e6f8.dir/build.make CMakeFiles/cmTC_9e6f8.dir/build
Building CXX object CMakeFiles/cmTC_9e6f8.dir/CheckIncludeFile.cxx.o
/usr/local/bin/g++   -isysroot /Applications/Xcode.app/Contents/Developer/Platforms/MacOSX.platform/Developer/SDKs/MacOSX13.3.sdk -std=gnu++17 -o CMakeFiles/cmTC_9e6f8.dir/CheckIncludeFile.cxx.o -c /Users/granceti/Projects/cpp/3DViewer_CPP/build-3dviewer-Desktop-Debug/CMakeFiles/CMakeTmp/CheckIncludeFile.cxx
Linking CXX executable cmTC_9e6f8
/usr/local/bin/cmake -E cmake_link_script CMakeFiles/cmTC_9e6f8.dir/link.txt --verbose=1
/usr/local/bin/g++  -isysroot /Applications/Xcode.app/Contents/Developer/Platforms/MacOSX.platform/Developer/SDKs/MacOSX13.3.sdk -Wl,-search_paths_first -Wl,-headerpad_max_install_names CMakeFiles/cmTC_9e6f8.dir/CheckIncludeFile.cxx.o -o cmTC_9e6f8 



Performing C++ SOURCE FILE Test CMAKE_HAVE_LIBC_PTHREAD succeeded with the following output:
Change Dir: /Users/granceti/Projects/cpp/3DViewer_CPP/build-3dviewer-Desktop-Debug/CMakeFiles/CMakeTmp

Run Build Command(s):/usr/bin/make -f Makefile cmTC_43dc9/fast && /Applications/Xcode.app/Contents/Developer/usr/bin/make  -f CMakeFiles/cmTC_43dc9.dir/build.make CMakeFiles/cmTC_43dc9.dir/build
Building CXX object CMakeFiles/cmTC_43dc9.dir/src.cxx.o
/usr/local/bin/g++ -DCMAKE_HAVE_LIBC_PTHREAD  -isysroot /Applications/Xcode.app/Contents/Developer/Platforms/MacOSX.platform/Developer/SDKs/MacOSX13.3.sdk -std=gnu++17 -o CMakeFiles/cmTC_43dc9.dir/src.cxx.o -c /Users/granceti/Projects/cpp/3DViewer_CPP/build-3dviewer-Desktop-Debug/CMakeFiles/CMakeTmp/src.cxx
Linking CXX executable cmTC_43dc9
/usr/local/bin/cmake -E cmake_link_script CMakeFiles/cmTC_43dc9.dir/link.txt --verbose=1
/usr/local/bin/g++  -isysroot /Applications/Xcode.app/Contents/Developer/Platforms/MacOSX.platform/Developer/SDKs/MacOSX13.3.sdk -Wl,-search_paths_first -Wl,-headerpad_max_install_names CMakeFiles/cmTC_43dc9.dir/src.cxx.o -o cmTC_43dc9 


Source file was:
#include <pthread.h>

static void* test_func(void* data)
{
  return data;
}

int main(void)
{
  pthread_t thread;
  pthread_create(&thread, NULL, test_func, NULL);
  pthread_detach(thread);
  pthread_cancel(thread);
  pthread_join(thread, NULL);
  pthread_atfork(NULL, NULL, NULL);
  pthread_exit(NULL);

  return 0;
}

Performing C++ SOURCE FILE Test HAVE_STDATOMIC succeeded with the following output:
Change Dir: /Users/granceti/Projects/cpp/3DViewer_CPP/build-3dviewer-Desktop-Debug/CMakeFiles/CMakeTmp

Run Build Command(s):/usr/bin/make -f Makefile cmTC_36fba/fast && /Applications/Xcode.app/Contents/Developer/usr/bin/make  -f CMakeFiles/cmTC_36fba.dir/build.make CMakeFiles/cmTC_36fba.dir/build
Building CXX object CMakeFiles/cmTC_36fba.dir/src.cxx.o
/usr/local/bin/g++ -DHAVE_STDATOMIC  -isysroot /Applications/Xcode.app/Contents/Developer/Platforms/MacOSX.platform/Developer/SDKs/MacOSX13.3.sdk -std=gnu++17 -o CMakeFiles/cmTC_36fba.dir/src.cxx.o -c /Users/granceti/Projects/cpp/3DViewer_CPP/build-3dviewer-Desktop-Debug/CMakeFiles/CMakeTmp/src.cxx
Linking CXX executable cmTC_36fba
/usr/local/bin/cmake -E cmake_link_script CMakeFiles/cmTC_36fba.dir/link.txt --verbose=1
/usr/local/bin/g++  -isysroot /Applications/Xcode.app/Contents/Developer/Platforms/MacOSX.platform/Developer/SDKs/MacOSX13.3.sdk -Wl,-search_paths_first -Wl,-headerpad_max_install_names CMakeFiles/cmTC_36fba.dir/src.cxx.o -o cmTC_36fba 


Source file was:
#include <atomic>
#include <cstdint>

int main(int, char **)
{
    volatile std::atomic<char>    size_1;
    volatile std::atomic<short>   size_2;
    volatile std::atomic<int>     size_4;
    volatile std::atomic<int64_t> size_8;

    ++size_1;
    ++size_2;
    ++size_4;
    ++size_8;

    (void)size_1.load(std::memory_order_relaxed);
    (void)size_2.load(std::memory_order_relaxed);
    (void)size_4.load(std::memory_order_relaxed);
    (void)size_8.load(std::memory_order_relaxed);

    return 0;
}
